[2022-12-1700:11:42] [ DEBUG] [AdminServiceImpl:38] Creating admin...
[2022-12-1700:17:00] [ ERROR] [GlobalExceptionHandler:31] No hay odontólogos para listar.
[2022-12-1700:17:05] [ ERROR] [GlobalExceptionHandler:31] No hay odontólogos para listar.
[2022-12-1700:19:56] [ DEBUG] [AdminServiceImpl:38] Creating admin...
[2022-12-1700:20:09] [ DEBUG] [AdminServiceImpl:38] Creating admin...
[2022-12-1710:04:55] [ DEBUG] [AdminServiceImpl:38] Creating admin...
[2022-12-1710:16:25] [ DEBUG] [AdminServiceImpl:38] Creating admin...
[2022-12-1710:20:27] [ DEBUG] [ClientServiceImpl:39] Creating client...
[2022-12-1710:37:15] [ DEBUG] [ClientServiceImpl:39] Creating client...
[2022-12-1710:40:31] [ DEBUG] [AdminServiceImpl:38] Creating admin...
[2022-12-1710:41:56] [ DEBUG] [AdminServiceImpl:38] Creating admin...
[2022-12-1710:44:03] [ DEBUG] [ClientServiceImpl:39] Creating client...
[2022-12-1913:00:07] [ DEBUG] [AdminServiceImpl:38] Creating admin...
[2022-12-1913:01:16] [ DEBUG] [AdminServiceImpl:38] Creating admin...
[2022-12-1913:01:24] [ DEBUG] [ClientServiceImpl:39] Creating client...
[2022-12-1913:05:04] [ DEBUG] [AdminServiceImpl:38] Creating admin...
[2022-12-1913:05:58] [ DEBUG] [ClientServiceImpl:39] Creating client...
[2022-12-1913:08:05] [ DEBUG] [AdminServiceImpl:38] Creating admin...
[2022-12-1913:08:07] [ DEBUG] [ClientServiceImpl:39] Creating client...
[2022-12-1913:12:28] [ DEBUG] [AdminServiceImpl:38] Creating admin...
[2022-12-1913:12:30] [ DEBUG] [ClientServiceImpl:39] Creating client...
[2022-12-2017:09:06] [ DEBUG] [AdminServiceImpl:38] Creating admin...
[2022-12-2017:09:14] [ DEBUG] [ClientServiceImpl:39] Creating client...
[2022-12-2017:15:24] [ DEBUG] [AccountServiceImpl:45] Creating account...
[2022-12-2017:15:58] [ DEBUG] [AccountServiceImpl:45] Creating account...
[2022-12-2017:17:40] [ DEBUG] [AdminServiceImpl:38] Creating admin...
[2022-12-2017:17:42] [ DEBUG] [ClientServiceImpl:39] Creating client...
[2022-12-2017:17:45] [ DEBUG] [AccountServiceImpl:45] Creating account...
[2022-12-2017:19:58] [ DEBUG] [AdminServiceImpl:38] Creating admin...
[2022-12-2017:20:00] [ DEBUG] [ClientServiceImpl:39] Creating client...
[2022-12-2017:20:08] [ DEBUG] [AccountServiceImpl:45] Creating account...
[2022-12-2017:24:11] [ DEBUG] [AdminServiceImpl:38] Creating admin...
[2022-12-2017:24:12] [ DEBUG] [ClientServiceImpl:39] Creating client...
[2022-12-2017:24:14] [ DEBUG] [AccountServiceImpl:45] Creating account...
[2022-12-2017:28:13] [ DEBUG] [AdminServiceImpl:38] Creating admin...
[2022-12-2017:28:15] [ DEBUG] [ClientServiceImpl:39] Creating client...
[2022-12-2017:28:17] [ DEBUG] [AccountServiceImpl:45] Creating account...
[2022-12-2017:28:48] [ DEBUG] [AdminServiceImpl:38] Creating admin...
[2022-12-2017:28:51] [ DEBUG] [ClientServiceImpl:39] Creating client...
[2022-12-2017:28:54] [ DEBUG] [AccountServiceImpl:45] Creating account...
[2022-12-2017:29:30] [ DEBUG] [AccountServiceImpl:45] Creating account...
[2022-12-2017:31:35] [ DEBUG] [ClientServiceImpl:39] Creating client...
[2022-12-2017:31:38] [ DEBUG] [AdminServiceImpl:38] Creating admin...
[2022-12-2017:31:40] [ DEBUG] [ClientServiceImpl:39] Creating client...
[2022-12-2017:31:42] [ DEBUG] [AccountServiceImpl:45] Creating account...
[2022-12-2017:32:27] [ DEBUG] [AdminServiceImpl:38] Creating admin...
[2022-12-2017:32:29] [ DEBUG] [ClientServiceImpl:39] Creating client...
[2022-12-2017:32:30] [ DEBUG] [AccountServiceImpl:45] Creating account...
[2022-12-2017:34:29] [ DEBUG] [AccountServiceImpl:45] Creating account...
[2022-12-2017:35:33] [ ERROR] [GlobalExceptionHandler:24] Cannot add an account with balance minor than zero
[2022-12-2017:35:41] [ DEBUG] [AccountServiceImpl:45] Creating account...
[2022-12-2017:35:46] [ ERROR] [GlobalExceptionHandler:24] Cannot add an account with balance minor than zero
[2022-12-2018:06:56] [ DEBUG] [AdminServiceImpl:38] Creating admin...
[2022-12-2018:06:59] [ DEBUG] [ClientServiceImpl:39] Creating client...
[2022-12-2018:07:02] [ ERROR] [GlobalExceptionHandler:24] Cannot add an account with balance minor than zero
[2022-12-2018:07:10] [ DEBUG] [AccountServiceImpl:45] Creating account...
[2022-12-2018:08:32] [ DEBUG] [AdminServiceImpl:38] Creating admin...
[2022-12-2018:08:35] [ DEBUG] [ClientServiceImpl:39] Creating client...
[2022-12-2018:08:38] [ DEBUG] [AccountServiceImpl:45] Creating account...
[2022-12-2018:17:43] [ DEBUG] [AdminServiceImpl:38] Creating admin...
[2022-12-2018:17:45] [ DEBUG] [ClientServiceImpl:39] Creating client...
[2022-12-2018:17:50] [ DEBUG] [AccountServiceImpl:45] Creating account...
[2022-12-2022:36:12] [ DEBUG] [AdminServiceImpl:38] Creating admin...
[2022-12-2022:36:14] [ DEBUG] [ClientServiceImpl:39] Creating client...
[2022-12-2022:36:17] [ DEBUG] [AccountServiceImpl:45] Creating account...
[2022-12-2022:36:32] [ ERROR] [GlobalExceptionHandler:24] Cannot add an account with balance minor than zero
[2022-12-2022:41:26] [ DEBUG] [AdminServiceImpl:38] Creating admin...
[2022-12-2022:41:29] [ DEBUG] [ClientServiceImpl:39] Creating client...
[2022-12-2022:41:32] [ ERROR] [GlobalExceptionHandler:23] Cannot add an account with balance minor than zero
[2022-12-2022:41:39] [ DEBUG] [AccountServiceImpl:45] Creating account...
[2022-12-2022:52:50] [ DEBUG] [AdminServiceImpl:38] Creating admin...
[2022-12-2022:52:52] [ DEBUG] [ClientServiceImpl:39] Creating client...
[2022-12-2022:58:05] [ DEBUG] [AdminServiceImpl:38] Creating admin...
[2022-12-2022:58:09] [ DEBUG] [ClientServiceImpl:39] Creating client...
[2022-12-2100:14:43] [ DEBUG] [AdminServiceImpl:38] Creating admin...
[2022-12-2100:14:45] [ DEBUG] [ClientServiceImpl:39] Creating client...
[2022-12-2100:14:57] [ DEBUG] [AccountServiceImpl:49] Creating account...
[2022-12-2100:18:09] [ DEBUG] [AdminServiceImpl:38] Creating admin...
[2022-12-2100:18:11] [ DEBUG] [ClientServiceImpl:39] Creating client...
[2022-12-2100:20:39] [ ERROR] [GlobalExceptionHandler:23] Account does not exist with id: 1
[2022-12-2100:21:16] [ DEBUG] [AdminServiceImpl:38] Creating admin...
[2022-12-2100:21:22] [ DEBUG] [ClientServiceImpl:39] Creating client...
[2022-12-2100:21:26] [ DEBUG] [AccountServiceImpl:49] Creating account...
[2022-12-2100:24:48] [ DEBUG] [AdminServiceImpl:38] Creating admin...
[2022-12-2100:24:50] [ DEBUG] [ClientServiceImpl:39] Creating client...
[2022-12-2100:24:55] [ DEBUG] [AccountServiceImpl:49] Creating account...
[2022-12-2100:30:31] [ DEBUG] [AdminServiceImpl:38] Creating admin...
[2022-12-2100:30:34] [ DEBUG] [ClientServiceImpl:39] Creating client...
[2022-12-2100:30:37] [ DEBUG] [AccountServiceImpl:49] Creating account...
[2022-12-2100:31:31] [ ERROR] [GlobalExceptionHandler:23] Account cannot be removed due to wrong balance
[2022-12-2100:32:16] [ DEBUG] [AdminServiceImpl:38] Creating admin...
[2022-12-2100:32:19] [ DEBUG] [ClientServiceImpl:39] Creating client...
[2022-12-2100:32:25] [ DEBUG] [AccountServiceImpl:49] Creating account...
[2022-12-2100:38:23] [ DEBUG] [AdminServiceImpl:38] Creating admin...
[2022-12-2100:38:26] [ DEBUG] [ClientServiceImpl:39] Creating client...
[2022-12-2100:38:32] [ DEBUG] [AccountServiceImpl:49] Creating account...
[2022-12-2100:40:17] [ DEBUG] [AdminServiceImpl:38] Creating admin...
[2022-12-2100:40:19] [ DEBUG] [ClientServiceImpl:39] Creating client...
[2022-12-2100:40:23] [ DEBUG] [AccountServiceImpl:49] Creating account...
[2022-12-2100:43:07] [ DEBUG] [AdminServiceImpl:38] Creating admin...
[2022-12-2100:43:09] [ DEBUG] [ClientServiceImpl:39] Creating client...
[2022-12-2100:43:13] [ DEBUG] [AccountServiceImpl:49] Creating account...
[2022-12-2100:47:55] [ DEBUG] [AdminServiceImpl:38] Creating admin...
[2022-12-2100:47:58] [ DEBUG] [ClientServiceImpl:39] Creating client...
[2022-12-2100:48:04] [ DEBUG] [AccountServiceImpl:49] Creating account...
[2022-12-2100:51:21] [ DEBUG] [AdminServiceImpl:38] Creating admin...
[2022-12-2100:51:24] [ DEBUG] [ClientServiceImpl:39] Creating client...
[2022-12-2100:51:27] [ DEBUG] [AccountServiceImpl:49] Creating account...
[2022-12-2101:03:22] [ DEBUG] [AdminServiceImpl:38] Creating admin...
[2022-12-2101:03:27] [ DEBUG] [ClientServiceImpl:39] Creating client...
[2022-12-2101:03:32] [ DEBUG] [AccountServiceImpl:49] Creating account...
[2022-12-2101:06:38] [ DEBUG] [AdminServiceImpl:38] Creating admin...
[2022-12-2101:06:40] [ DEBUG] [ClientServiceImpl:39] Creating client...
[2022-12-2101:06:43] [ DEBUG] [AccountServiceImpl:49] Creating account...
[2022-12-2101:09:32] [ DEBUG] [AdminServiceImpl:38] Creating admin...
[2022-12-2101:09:34] [ DEBUG] [ClientServiceImpl:39] Creating client...
[2022-12-2101:09:37] [ DEBUG] [AccountServiceImpl:49] Creating account...
[2022-12-2101:13:55] [ DEBUG] [AdminServiceImpl:38] Creating admin...
[2022-12-2101:13:58] [ DEBUG] [ClientServiceImpl:39] Creating client...
[2022-12-2101:14:01] [ DEBUG] [AccountServiceImpl:49] Creating account...
[2022-12-2101:14:52] [ DEBUG] [AdminServiceImpl:38] Creating admin...
[2022-12-2101:14:54] [ DEBUG] [ClientServiceImpl:39] Creating client...
[2022-12-2101:14:57] [ DEBUG] [AccountServiceImpl:49] Creating account...
[2022-12-2101:18:49] [ DEBUG] [AdminServiceImpl:38] Creating admin...
[2022-12-2101:18:53] [ DEBUG] [ClientServiceImpl:39] Creating client...
[2022-12-2101:18:57] [ DEBUG] [AccountServiceImpl:49] Creating account...
[2022-12-2101:20:58] [ DEBUG] [AdminServiceImpl:38] Creating admin...
[2022-12-2101:21:02] [ DEBUG] [ClientServiceImpl:39] Creating client...
[2022-12-2101:21:09] [ DEBUG] [AccountServiceImpl:49] Creating account...
[2022-12-2101:22:28] [ DEBUG] [AdminServiceImpl:38] Creating admin...
[2022-12-2101:22:31] [ DEBUG] [ClientServiceImpl:39] Creating client...
[2022-12-2101:22:33] [ DEBUG] [AccountServiceImpl:49] Creating account...
[2022-12-2101:25:52] [ DEBUG] [AdminServiceImpl:38] Creating admin...
[2022-12-2101:25:54] [ DEBUG] [ClientServiceImpl:39] Creating client...
[2022-12-2101:25:57] [ DEBUG] [AccountServiceImpl:49] Creating account...
[2022-12-2101:29:24] [ DEBUG] [AdminServiceImpl:38] Creating admin...
[2022-12-2101:29:26] [ DEBUG] [ClientServiceImpl:39] Creating client...
[2022-12-2101:29:28] [ DEBUG] [AccountServiceImpl:49] Creating account...
[2022-12-2101:33:03] [ DEBUG] [AdminServiceImpl:38] Creating admin...
[2022-12-2101:33:06] [ DEBUG] [ClientServiceImpl:39] Creating client...
[2022-12-2101:33:08] [ DEBUG] [AccountServiceImpl:49] Creating account...
[2022-12-2101:33:42] [ DEBUG] [AccountServiceImpl:49] Creating account...
[2022-12-2101:34:24] [ DEBUG] [AdminServiceImpl:38] Creating admin...
[2022-12-2101:34:26] [ DEBUG] [ClientServiceImpl:39] Creating client...
[2022-12-2101:34:28] [ DEBUG] [AccountServiceImpl:49] Creating account...
[2022-12-2101:35:32] [ DEBUG] [AdminServiceImpl:38] Creating admin...
[2022-12-2101:35:34] [ DEBUG] [ClientServiceImpl:39] Creating client...
[2022-12-2101:35:37] [ DEBUG] [AccountServiceImpl:49] Creating account...
[2022-12-2101:37:09] [ DEBUG] [AdminServiceImpl:38] Creating admin...
[2022-12-2101:37:11] [ DEBUG] [ClientServiceImpl:39] Creating client...
[2022-12-2101:37:14] [ DEBUG] [AccountServiceImpl:49] Creating account...
[2022-12-2101:39:30] [ DEBUG] [AdminServiceImpl:38] Creating admin...
[2022-12-2101:39:33] [ DEBUG] [ClientServiceImpl:39] Creating client...
[2022-12-2101:39:35] [ DEBUG] [AccountServiceImpl:49] Creating account...
[2022-12-2101:44:10] [ DEBUG] [AdminServiceImpl:38] Creating admin...
[2022-12-2101:44:13] [ DEBUG] [ClientServiceImpl:39] Creating client...
[2022-12-2101:44:15] [ DEBUG] [AccountServiceImpl:49] Creating account...
[2022-12-2300:35:29] [ DEBUG] [AdminServiceImpl:38] Creating admin...
[2022-12-2300:35:31] [ DEBUG] [ClientServiceImpl:39] Creating client...
[2022-12-2300:43:28] [ DEBUG] [AdminServiceImpl:38] Creating admin...
[2022-12-2300:43:30] [ DEBUG] [ClientServiceImpl:39] Creating client...
[2022-12-2300:43:31] [ DEBUG] [AccountServiceImpl:44] Creating account...
[2022-12-2300:44:11] [ ERROR] [GlobalExceptionHandler:23] Already exists an account with 
[2022-12-2300:44:27] [ ERROR] [GlobalExceptionHandler:23] Already exists an account with 
[2022-12-2300:44:53] [ ERROR] [GlobalExceptionHandler:23] Already exists an account with 
[2022-12-2300:45:12] [ ERROR] [GlobalExceptionHandler:23] Already exists an account with 
[2022-12-2300:49:32] [ DEBUG] [AdminServiceImpl:38] Creating admin...
[2022-12-2300:49:33] [ DEBUG] [ClientServiceImpl:39] Creating client...
[2022-12-2300:49:41] [ DEBUG] [AccountServiceImpl:44] Creating account...
[2022-12-2300:49:56] [ DEBUG] [AccountServiceImpl:44] Creating account...
[2022-12-2300:52:23] [ DEBUG] [TransactionServiceImpl:43] Creating transaction..
[2022-12-2300:54:27] [ DEBUG] [AdminServiceImpl:38] Creating admin...
[2022-12-2300:54:30] [ DEBUG] [ClientServiceImpl:39] Creating client...
[2022-12-2300:54:32] [ DEBUG] [AccountServiceImpl:44] Creating account...
[2022-12-2300:54:36] [ DEBUG] [TransactionServiceImpl:43] Creating transaction..
[2022-12-2300:55:42] [ DEBUG] [AdminServiceImpl:38] Creating admin...
[2022-12-2300:55:44] [ DEBUG] [ClientServiceImpl:39] Creating client...
[2022-12-2300:55:47] [ DEBUG] [AccountServiceImpl:44] Creating account...
[2022-12-2300:55:51] [ DEBUG] [TransactionServiceImpl:43] Creating transaction..
[2022-12-2300:57:48] [ DEBUG] [AdminServiceImpl:38] Creating admin...
[2022-12-2300:57:49] [ DEBUG] [ClientServiceImpl:39] Creating client...
[2022-12-2300:57:51] [ DEBUG] [AccountServiceImpl:44] Creating account...
[2022-12-2300:57:54] [ DEBUG] [TransactionServiceImpl:43] Creating transaction..
[2022-12-2300:59:43] [ DEBUG] [AdminServiceImpl:38] Creating admin...
[2022-12-2300:59:45] [ DEBUG] [ClientServiceImpl:39] Creating client...
[2022-12-2300:59:47] [ DEBUG] [AccountServiceImpl:44] Creating account...
[2022-12-2300:59:50] [ DEBUG] [TransactionServiceImpl:43] Creating transaction..
[2022-12-2301:02:46] [ DEBUG] [AdminServiceImpl:38] Creating admin...
[2022-12-2301:02:47] [ DEBUG] [ClientServiceImpl:39] Creating client...
[2022-12-2301:02:49] [ DEBUG] [AccountServiceImpl:44] Creating account...
[2022-12-2301:02:52] [ DEBUG] [TransactionServiceImpl:43] Creating transaction..
[2022-12-2301:04:37] [ DEBUG] [AdminServiceImpl:38] Creating admin...
[2022-12-2301:04:39] [ DEBUG] [ClientServiceImpl:39] Creating client...
[2022-12-2301:04:41] [ DEBUG] [AccountServiceImpl:44] Creating account...
[2022-12-2301:04:46] [ DEBUG] [TransactionServiceImpl:44] Creating transaction..
[2022-12-2301:05:56] [ DEBUG] [AdminServiceImpl:38] Creating admin...
[2022-12-2301:05:59] [ DEBUG] [ClientServiceImpl:39] Creating client...
[2022-12-2301:06:01] [ DEBUG] [AccountServiceImpl:44] Creating account...
[2022-12-2301:06:04] [ DEBUG] [TransactionServiceImpl:42] Creating transaction..
[2022-12-2301:07:07] [ DEBUG] [AdminServiceImpl:38] Creating admin...
[2022-12-2301:07:10] [ DEBUG] [ClientServiceImpl:39] Creating client...
[2022-12-2301:07:13] [ DEBUG] [AccountServiceImpl:44] Creating account...
[2022-12-2301:07:16] [ DEBUG] [TransactionServiceImpl:42] Creating transaction..
[2022-12-2301:09:54] [ DEBUG] [AdminServiceImpl:38] Creating admin...
[2022-12-2301:09:56] [ DEBUG] [ClientServiceImpl:39] Creating client...
[2022-12-2301:09:58] [ DEBUG] [AccountServiceImpl:44] Creating account...
[2022-12-2301:10:01] [ DEBUG] [TransactionServiceImpl:42] Creating transaction..
[2022-12-2301:17:42] [ DEBUG] [AdminServiceImpl:38] Creating admin...
[2022-12-2301:17:43] [ DEBUG] [ClientServiceImpl:39] Creating client...
[2022-12-2301:17:45] [ DEBUG] [AccountServiceImpl:44] Creating account...
[2022-12-2301:17:48] [ DEBUG] [TransactionServiceImpl:42] Creating transaction..
[2022-12-3016:15:56] [ DEBUG] [AdminServiceImpl:38] Creating admin...
[2022-12-3016:16:03] [ DEBUG] [ClientServiceImpl:39] Creating client...
[2022-12-3016:16:07] [ DEBUG] [AccountServiceImpl:44] Creating account...
[2022-12-3016:16:35] [ DEBUG] [AccountServiceImpl:44] Creating account...
[2022-12-3016:16:37] [ DEBUG] [AccountServiceImpl:44] Creating account...
[2022-12-3016:16:47] [ DEBUG] [AccountServiceImpl:44] Creating account...
[2022-12-3016:18:09] [ DEBUG] [AccountServiceImpl:44] Creating account...
[2022-12-3016:21:08] [ DEBUG] [AccountServiceImpl:44] Creating account...
[2022-12-3016:21:39] [ DEBUG] [AdminServiceImpl:38] Creating admin...
[2022-12-3016:21:43] [ DEBUG] [ClientServiceImpl:39] Creating client...
[2022-12-3016:22:10] [ DEBUG] [AccountServiceImpl:44] Creating account...
[2022-12-3016:27:39] [ DEBUG] [AdminServiceImpl:38] Creating admin...
[2022-12-3016:27:55] [ DEBUG] [ClientServiceImpl:39] Creating client...
[2022-12-3016:30:16] [ DEBUG] [AccountServiceImpl:44] Creating account...
[2022-12-3016:32:09] [ DEBUG] [AdminServiceImpl:38] Creating admin...
[2022-12-3016:32:11] [ DEBUG] [ClientServiceImpl:39] Creating client...
[2022-12-3016:32:24] [ DEBUG] [AccountServiceImpl:44] Creating account...
[2022-12-3016:32:53] [ DEBUG] [TransactionServiceImpl:42] Creating transaction..
[2022-12-3016:33:01] [ DEBUG] [TransactionServiceImpl:42] Creating transaction..
[2022-12-3016:35:09] [ DEBUG] [AdminServiceImpl:38] Creating admin...
[2022-12-3016:35:12] [ DEBUG] [ClientServiceImpl:39] Creating client...
[2022-12-3016:35:19] [ DEBUG] [AccountServiceImpl:44] Creating account...
[2022-12-3016:35:38] [ DEBUG] [TransactionServiceImpl:42] Creating transaction..
[2022-12-3016:38:10] [ ERROR] [GlobalExceptionHandler:23] Already exists an account with 
[2022-12-3016:38:26] [ DEBUG] [AccountServiceImpl:44] Creating account...
[2022-12-3016:38:36] [ DEBUG] [TransactionServiceImpl:42] Creating transaction..
[2023-01-0119:53:42] [ DEBUG] [AdminServiceImpl:38] Creating admin...
[2023-01-0119:53:45] [ DEBUG] [ClientServiceImpl:39] Creating client...
[2023-01-0119:53:48] [ DEBUG] [AccountServiceImpl:44] Creating account...
[2023-01-0809:11:53] [ DEBUG] [AdminServiceImpl:38] Creating admin...
[2023-01-0809:26:50] [ DEBUG] [AdminServiceImpl:38] Creating admin...
[2023-01-0811:12:49] [ ERROR] [GlobalExceptionHandler:30] There are not clients to list
[2023-01-0811:16:38] [ ERROR] [GlobalExceptionHandler:17] Admin does not exist with that email and password
[2023-01-0811:16:42] [ DEBUG] [AdminServiceImpl:38] Creating admin...
[2023-01-0811:16:51] [ DEBUG] [ClientServiceImpl:36] Creating client...
[2023-01-0811:16:53] [ DEBUG] [ClientServiceImpl:87] Listing clients...
[2023-01-0811:40:53] [ ERROR] [GlobalExceptionHandler:17] Admin does not exist with that email and password
[2023-01-0811:41:06] [ DEBUG] [ClientServiceImpl:87] Listing clients...
[2023-01-0812:41:52] [ ERROR] [GlobalExceptionHandler:17] Admin does not exist with that email and password
[2023-01-0812:41:53] [ ERROR] [GlobalExceptionHandler:17] Admin does not exist with that email and password
[2023-01-0812:41:54] [ ERROR] [GlobalExceptionHandler:17] Admin does not exist with that email and password
[2023-01-0812:41:55] [ ERROR] [GlobalExceptionHandler:17] Admin does not exist with that email and password
[2023-01-0812:41:56] [ ERROR] [GlobalExceptionHandler:17] Admin does not exist with that email and password
[2023-01-0812:43:07] [ ERROR] [GlobalExceptionHandler:17] Admin does not exist with that email and password
[2023-01-0812:43:08] [ ERROR] [GlobalExceptionHandler:17] Admin does not exist with that email and password
[2023-01-0812:43:08] [ ERROR] [GlobalExceptionHandler:17] Admin does not exist with that email and password
[2023-01-0812:43:08] [ ERROR] [GlobalExceptionHandler:17] Admin does not exist with that email and password
[2023-01-0812:43:22] [ DEBUG] [AdminServiceImpl:38] Creating admin...
[2023-01-0812:43:27] [ DEBUG] [AdminServiceImpl:48] Searching admin by id: 1
[2023-01-0812:44:34] [ DEBUG] [AdminServiceImpl:48] Searching admin by id: 1
[2023-01-0812:46:45] [ DEBUG] [AdminServiceImpl:48] Searching admin by id: 1
[2023-01-0812:46:49] [ DEBUG] [AdminServiceImpl:48] Searching admin by id: 1
[2023-01-0812:47:03] [ DEBUG] [AdminServiceImpl:48] Searching admin by id: 1
[2023-01-0812:47:04] [ DEBUG] [AdminServiceImpl:48] Searching admin by id: 1
[2023-01-0812:47:09] [ DEBUG] [AdminServiceImpl:48] Searching admin by id: 1
[2023-01-0812:47:12] [ DEBUG] [AdminServiceImpl:48] Searching admin by id: 1
[2023-01-0812:47:30] [ DEBUG] [AdminServiceImpl:48] Searching admin by id: 1
[2023-01-0812:48:02] [ DEBUG] [AdminServiceImpl:48] Searching admin by id: 1
[2023-01-0812:48:05] [ DEBUG] [AdminServiceImpl:48] Searching admin by id: 1
[2023-01-0812:48:08] [ DEBUG] [AdminServiceImpl:48] Searching admin by id: 1
[2023-01-0812:48:27] [ DEBUG] [AdminServiceImpl:48] Searching admin by id: 1
[2023-01-0812:48:42] [ DEBUG] [AdminServiceImpl:48] Searching admin by id: 1
[2023-01-0812:48:43] [ DEBUG] [AdminServiceImpl:48] Searching admin by id: 1
[2023-01-0812:48:55] [ DEBUG] [AdminServiceImpl:48] Searching admin by id: 1
[2023-01-0812:49:50] [ DEBUG] [AdminServiceImpl:48] Searching admin by id: 1
[2023-01-0812:49:57] [ DEBUG] [AdminServiceImpl:48] Searching admin by id: 1
[2023-01-0812:50:24] [ DEBUG] [AdminServiceImpl:48] Searching admin by id: 1
[2023-01-0812:50:25] [ DEBUG] [AdminServiceImpl:48] Searching admin by id: 1
[2023-01-0812:50:26] [ DEBUG] [AdminServiceImpl:48] Searching admin by id: 1
[2023-01-0812:50:56] [ DEBUG] [AdminServiceImpl:48] Searching admin by id: 1
[2023-01-0812:51:06] [ DEBUG] [AdminServiceImpl:48] Searching admin by id: 1
[2023-01-0812:51:15] [ DEBUG] [AdminServiceImpl:48] Searching admin by id: 1
[2023-01-0812:53:23] [ DEBUG] [AdminServiceImpl:48] Searching admin by id: 1
[2023-01-0812:53:52] [ DEBUG] [AdminServiceImpl:48] Searching admin by id: 1
[2023-01-0812:54:09] [ DEBUG] [AdminServiceImpl:48] Searching admin by id: 1
[2023-01-0815:43:01] [ DEBUG] [AdminServiceImpl:48] Searching admin by id: 1
[2023-01-0815:56:39] [ DEBUG] [AdminServiceImpl:38] Creating admin...
[2023-01-0815:57:58] [ DEBUG] [AdminServiceImpl:48] Searching admin by id: 1
[2023-01-0815:58:18] [ DEBUG] [AdminServiceImpl:48] Searching admin by id: 1
[2023-01-0815:58:38] [ DEBUG] [AdminServiceImpl:48] Searching admin by id: 1
[2023-01-0815:58:51] [ DEBUG] [AdminServiceImpl:48] Searching admin by id: 1
[2023-01-0815:58:52] [ DEBUG] [AdminServiceImpl:48] Searching admin by id: 1
[2023-01-0815:59:06] [ DEBUG] [AdminServiceImpl:48] Searching admin by id: 1
[2023-01-0815:59:10] [ DEBUG] [AdminServiceImpl:48] Searching admin by id: 1
[2023-01-0815:59:14] [ DEBUG] [AdminServiceImpl:48] Searching admin by id: 1
[2023-01-0815:59:18] [ DEBUG] [AdminServiceImpl:48] Searching admin by id: 1
[2023-01-0815:59:19] [ DEBUG] [AdminServiceImpl:48] Searching admin by id: 1
[2023-01-0815:59:27] [ DEBUG] [AdminServiceImpl:48] Searching admin by id: 1
[2023-01-0816:00:24] [ DEBUG] [AdminServiceImpl:48] Searching admin by id: 1
[2023-01-0816:00:42] [ DEBUG] [AdminServiceImpl:48] Searching admin by id: 1
[2023-01-0816:01:02] [ DEBUG] [AdminServiceImpl:48] Searching admin by id: 1
[2023-01-0816:01:11] [ DEBUG] [AdminServiceImpl:48] Searching admin by id: 1
[2023-01-0816:50:15] [ DEBUG] [AdminServiceImpl:48] Searching admin by id: 1
[2023-01-1312:40:09] [ ERROR] [GlobalExceptionHandler:17] Admin does not exist with that email and password
[2023-01-1312:40:10] [ ERROR] [GlobalExceptionHandler:17] Admin does not exist with that email and password
[2023-01-1312:40:10] [ ERROR] [GlobalExceptionHandler:17] Admin does not exist with that email and password
[2023-01-1312:40:10] [ ERROR] [GlobalExceptionHandler:17] Admin does not exist with that email and password
[2023-01-1312:40:10] [ ERROR] [GlobalExceptionHandler:17] Admin does not exist with that email and password
[2023-01-1312:40:11] [ ERROR] [GlobalExceptionHandler:17] Admin does not exist with that email and password
[2023-01-1316:31:40] [ DEBUG] [AdminServiceImpl:38] Creating admin...
[2023-01-1316:31:40] [ DEBUG] [AdminServiceImpl:48] Searching admin by id: 1
[2023-01-1316:33:23] [ ERROR] [GlobalExceptionHandler:17] Admin does not exist with that email and password
[2023-01-1316:33:25] [ ERROR] [GlobalExceptionHandler:17] Admin does not exist with that email and password
[2023-01-1316:33:26] [ ERROR] [GlobalExceptionHandler:17] Admin does not exist with that email and password
[2023-01-1316:33:26] [ ERROR] [GlobalExceptionHandler:17] Admin does not exist with that email and password
[2023-01-1316:33:31] [ DEBUG] [AdminServiceImpl:48] Searching admin by id: 1
[2023-01-1316:33:47] [ DEBUG] [AdminServiceImpl:48] Searching admin by id: 1
[2023-01-1316:33:49] [ DEBUG] [AdminServiceImpl:48] Searching admin by id: 1
[2023-01-1316:34:48] [ DEBUG] [AdminServiceImpl:48] Searching admin by id: 1
[2023-01-1316:35:09] [ DEBUG] [AdminServiceImpl:48] Searching admin by id: 1
[2023-01-1316:35:36] [ DEBUG] [AdminServiceImpl:48] Searching admin by id: 1
[2023-01-1316:35:37] [ DEBUG] [AdminServiceImpl:48] Searching admin by id: 1
[2023-01-1316:36:30] [ DEBUG] [AdminServiceImpl:48] Searching admin by id: 1
[2023-01-1316:36:46] [ DEBUG] [AdminServiceImpl:48] Searching admin by id: 1
[2023-01-1316:36:48] [ DEBUG] [AdminServiceImpl:48] Searching admin by id: 1
[2023-01-1316:36:55] [ DEBUG] [AdminServiceImpl:48] Searching admin by id: 1
[2023-01-1316:37:03] [ DEBUG] [AdminServiceImpl:48] Searching admin by id: 1
[2023-01-1316:37:06] [ DEBUG] [AdminServiceImpl:48] Searching admin by id: 1
[2023-01-1316:37:31] [ DEBUG] [AdminServiceImpl:48] Searching admin by id: 1
[2023-01-1316:37:46] [ DEBUG] [AdminServiceImpl:48] Searching admin by id: 1
[2023-01-1316:37:56] [ DEBUG] [AdminServiceImpl:48] Searching admin by id: 1
[2023-01-1316:38:15] [ DEBUG] [AdminServiceImpl:48] Searching admin by id: 1
[2023-01-1316:38:48] [ DEBUG] [AdminServiceImpl:48] Searching admin by id: 1
[2023-01-1316:44:06] [ DEBUG] [AdminServiceImpl:48] Searching admin by id: 1
[2023-01-1316:44:24] [ DEBUG] [AdminServiceImpl:48] Searching admin by id: 1
[2023-01-1316:44:25] [ DEBUG] [AdminServiceImpl:48] Searching admin by id: 1
[2023-01-1316:44:31] [ DEBUG] [AdminServiceImpl:48] Searching admin by id: 1
[2023-01-1316:44:38] [ DEBUG] [AdminServiceImpl:48] Searching admin by id: 1
[2023-01-1316:45:04] [ DEBUG] [AdminServiceImpl:48] Searching admin by id: 1
[2023-01-1316:45:12] [ DEBUG] [AdminServiceImpl:48] Searching admin by id: 1
[2023-01-1316:45:19] [ DEBUG] [AdminServiceImpl:48] Searching admin by id: 1
[2023-01-1316:45:26] [ DEBUG] [AdminServiceImpl:48] Searching admin by id: 1
[2023-01-1316:53:42] [ DEBUG] [AdminServiceImpl:48] Searching admin by id: 1
[2023-01-1317:00:14] [ DEBUG] [AdminServiceImpl:48] Searching admin by id: 1
[2023-01-1317:01:20] [ DEBUG] [AdminServiceImpl:48] Searching admin by id: 1
[2023-01-1317:02:02] [ DEBUG] [AdminServiceImpl:48] Searching admin by id: 1
[2023-01-1317:02:21] [ DEBUG] [AdminServiceImpl:48] Searching admin by id: 1
[2023-01-1317:03:56] [ DEBUG] [AdminServiceImpl:48] Searching admin by id: 1
[2023-01-1317:04:45] [ DEBUG] [AdminServiceImpl:48] Searching admin by id: 1
[2023-01-1317:04:47] [ DEBUG] [AdminServiceImpl:48] Searching admin by id: 1
[2023-01-1317:05:47] [ DEBUG] [AdminServiceImpl:48] Searching admin by id: 1
[2023-01-1317:06:18] [ DEBUG] [AdminServiceImpl:48] Searching admin by id: 1
[2023-01-1317:29:18] [ DEBUG] [AdminServiceImpl:48] Searching admin by id: 1
[2023-01-1317:29:54] [ DEBUG] [AdminServiceImpl:38] Creating admin...
[2023-01-1317:29:54] [ DEBUG] [AdminServiceImpl:48] Searching admin by id: 2
[2023-01-1317:30:08] [ DEBUG] [AdminServiceImpl:48] Searching admin by id: 2
[2023-01-1318:33:13] [ DEBUG] [ClientServiceImpl:36] Creating client...
[2023-01-1318:37:55] [ DEBUG] [ClientServiceImpl:36] Creating client...
[2023-01-1318:38:42] [ DEBUG] [AdminServiceImpl:48] Searching admin by id: 2
[2023-01-1318:38:44] [ DEBUG] [AdminServiceImpl:48] Searching admin by id: 2
[2023-01-1318:39:06] [ DEBUG] [ClientServiceImpl:36] Creating client...
[2023-01-1318:39:27] [ DEBUG] [AdminServiceImpl:48] Searching admin by id: 2
[2023-01-1318:39:38] [ DEBUG] [AdminServiceImpl:48] Searching admin by id: 2
[2023-01-1318:39:59] [ DEBUG] [ClientServiceImpl:36] Creating client...
[2023-01-1318:40:40] [ DEBUG] [AdminServiceImpl:48] Searching admin by id: 2
[2023-01-1318:40:48] [ DEBUG] [AdminServiceImpl:48] Searching admin by id: 2
[2023-01-1318:41:28] [ DEBUG] [AdminServiceImpl:48] Searching admin by id: 2
[2023-01-1318:41:36] [ DEBUG] [AdminServiceImpl:48] Searching admin by id: 2
[2023-01-1318:42:00] [ DEBUG] [AdminServiceImpl:48] Searching admin by id: 2
[2023-01-1318:43:56] [ DEBUG] [AdminServiceImpl:48] Searching admin by id: 2
[2023-01-1318:44:15] [ DEBUG] [ClientServiceImpl:36] Creating client...
[2023-01-1318:45:28] [ DEBUG] [ClientServiceImpl:87] Listing clients...
[2023-01-1318:45:29] [ DEBUG] [ClientServiceImpl:87] Listing clients...
[2023-01-1318:45:32] [ DEBUG] [ClientServiceImpl:87] Listing clients...
[2023-01-1318:45:36] [ DEBUG] [ClientServiceImpl:87] Listing clients...
[2023-01-1318:46:11] [ DEBUG] [ClientServiceImpl:87] Listing clients...
[2023-01-1318:46:22] [ DEBUG] [ClientServiceImpl:87] Listing clients...
[2023-01-1318:46:35] [ DEBUG] [ClientServiceImpl:87] Listing clients...
[2023-01-1318:46:45] [ DEBUG] [ClientServiceImpl:87] Listing clients...
[2023-01-1318:47:04] [ DEBUG] [ClientServiceImpl:87] Listing clients...
[2023-01-1318:47:16] [ DEBUG] [ClientServiceImpl:87] Listing clients...
[2023-01-1318:47:20] [ DEBUG] [ClientServiceImpl:87] Listing clients...
[2023-01-1318:48:12] [ DEBUG] [ClientServiceImpl:87] Listing clients...
[2023-01-1318:48:14] [ DEBUG] [ClientServiceImpl:87] Listing clients...
[2023-01-1318:48:20] [ DEBUG] [ClientServiceImpl:87] Listing clients...
[2023-01-1318:48:21] [ DEBUG] [ClientServiceImpl:87] Listing clients...
[2023-01-1318:48:28] [ DEBUG] [ClientServiceImpl:87] Listing clients...
[2023-01-1318:48:29] [ DEBUG] [ClientServiceImpl:87] Listing clients...
[2023-01-1318:48:32] [ DEBUG] [ClientServiceImpl:87] Listing clients...
[2023-01-1318:48:35] [ DEBUG] [ClientServiceImpl:87] Listing clients...
[2023-01-1318:48:40] [ DEBUG] [ClientServiceImpl:87] Listing clients...
[2023-01-1318:49:06] [ DEBUG] [ClientServiceImpl:87] Listing clients...
[2023-01-1318:49:20] [ DEBUG] [ClientServiceImpl:87] Listing clients...
[2023-01-1318:49:24] [ DEBUG] [ClientServiceImpl:87] Listing clients...
[2023-01-1318:49:27] [ DEBUG] [ClientServiceImpl:87] Listing clients...
[2023-01-1318:49:29] [ DEBUG] [ClientServiceImpl:87] Listing clients...
[2023-01-1318:49:35] [ DEBUG] [ClientServiceImpl:87] Listing clients...
[2023-01-1318:49:42] [ DEBUG] [ClientServiceImpl:87] Listing clients...
[2023-01-1318:49:45] [ DEBUG] [ClientServiceImpl:87] Listing clients...
[2023-01-1318:49:54] [ DEBUG] [ClientServiceImpl:87] Listing clients...
[2023-01-1318:50:06] [ DEBUG] [ClientServiceImpl:87] Listing clients...
[2023-01-1318:50:08] [ DEBUG] [ClientServiceImpl:87] Listing clients...
[2023-01-1318:50:10] [ DEBUG] [ClientServiceImpl:87] Listing clients...
[2023-01-1318:50:13] [ DEBUG] [ClientServiceImpl:87] Listing clients...
[2023-01-1318:50:21] [ DEBUG] [ClientServiceImpl:87] Listing clients...
[2023-01-1318:50:26] [ DEBUG] [ClientServiceImpl:87] Listing clients...
[2023-01-1318:50:32] [ DEBUG] [ClientServiceImpl:87] Listing clients...
[2023-01-1318:50:35] [ DEBUG] [ClientServiceImpl:87] Listing clients...
[2023-01-1318:50:37] [ DEBUG] [ClientServiceImpl:87] Listing clients...
[2023-01-1318:50:40] [ DEBUG] [ClientServiceImpl:87] Listing clients...
[2023-01-1318:50:41] [ DEBUG] [ClientServiceImpl:87] Listing clients...
[2023-01-1318:50:49] [ DEBUG] [ClientServiceImpl:87] Listing clients...
[2023-01-1318:50:53] [ DEBUG] [ClientServiceImpl:87] Listing clients...
[2023-01-1318:51:16] [ DEBUG] [ClientServiceImpl:87] Listing clients...
[2023-01-1318:51:19] [ DEBUG] [ClientServiceImpl:87] Listing clients...
[2023-01-1318:51:25] [ DEBUG] [ClientServiceImpl:87] Listing clients...
[2023-01-1318:51:35] [ DEBUG] [ClientServiceImpl:87] Listing clients...
[2023-01-1318:51:50] [ DEBUG] [ClientServiceImpl:87] Listing clients...
[2023-01-1318:51:52] [ DEBUG] [ClientServiceImpl:87] Listing clients...
[2023-01-1318:51:55] [ DEBUG] [ClientServiceImpl:87] Listing clients...
[2023-01-1318:51:59] [ DEBUG] [ClientServiceImpl:87] Listing clients...
[2023-01-1318:52:13] [ DEBUG] [ClientServiceImpl:87] Listing clients...
[2023-01-1318:52:44] [ DEBUG] [ClientServiceImpl:87] Listing clients...
[2023-01-1318:52:45] [ DEBUG] [ClientServiceImpl:87] Listing clients...
[2023-01-1318:52:50] [ DEBUG] [ClientServiceImpl:87] Listing clients...
[2023-01-1318:52:55] [ DEBUG] [ClientServiceImpl:87] Listing clients...
[2023-01-1318:53:02] [ DEBUG] [ClientServiceImpl:87] Listing clients...
[2023-01-1318:53:33] [ DEBUG] [ClientServiceImpl:87] Listing clients...
[2023-01-1318:54:11] [ DEBUG] [ClientServiceImpl:87] Listing clients...
[2023-01-1318:54:13] [ DEBUG] [ClientServiceImpl:87] Listing clients...
[2023-01-1318:54:24] [ DEBUG] [ClientServiceImpl:87] Listing clients...
[2023-01-1318:54:51] [ DEBUG] [ClientServiceImpl:87] Listing clients...
[2023-01-1318:54:56] [ DEBUG] [ClientServiceImpl:87] Listing clients...
[2023-01-1318:55:08] [ DEBUG] [ClientServiceImpl:87] Listing clients...
[2023-01-1318:55:11] [ DEBUG] [ClientServiceImpl:87] Listing clients...
[2023-01-1318:55:19] [ DEBUG] [ClientServiceImpl:87] Listing clients...
[2023-01-1318:55:21] [ DEBUG] [ClientServiceImpl:87] Listing clients...
[2023-01-1318:55:38] [ DEBUG] [ClientServiceImpl:87] Listing clients...
[2023-01-1318:55:44] [ DEBUG] [ClientServiceImpl:87] Listing clients...
[2023-01-1318:56:03] [ DEBUG] [ClientServiceImpl:87] Listing clients...
[2023-01-1318:56:16] [ DEBUG] [ClientServiceImpl:87] Listing clients...
[2023-01-1318:56:19] [ DEBUG] [ClientServiceImpl:87] Listing clients...
[2023-01-1318:56:27] [ DEBUG] [ClientServiceImpl:87] Listing clients...
[2023-01-1318:56:30] [ DEBUG] [ClientServiceImpl:87] Listing clients...
[2023-01-1318:56:31] [ DEBUG] [ClientServiceImpl:87] Listing clients...
[2023-01-1318:56:33] [ DEBUG] [ClientServiceImpl:87] Listing clients...
[2023-01-1318:56:43] [ DEBUG] [ClientServiceImpl:87] Listing clients...
[2023-01-1318:56:48] [ DEBUG] [ClientServiceImpl:87] Listing clients...
[2023-01-1318:56:56] [ DEBUG] [ClientServiceImpl:87] Listing clients...
[2023-01-1318:57:01] [ DEBUG] [ClientServiceImpl:87] Listing clients...
[2023-01-1318:57:03] [ DEBUG] [ClientServiceImpl:87] Listing clients...
[2023-01-1318:57:08] [ DEBUG] [ClientServiceImpl:87] Listing clients...
[2023-01-1318:57:27] [ DEBUG] [ClientServiceImpl:87] Listing clients...
[2023-01-1318:57:30] [ DEBUG] [ClientServiceImpl:87] Listing clients...
[2023-01-1318:57:38] [ DEBUG] [ClientServiceImpl:87] Listing clients...
[2023-01-1318:58:02] [ DEBUG] [ClientServiceImpl:87] Listing clients...
[2023-01-1318:58:06] [ DEBUG] [ClientServiceImpl:87] Listing clients...
[2023-01-1318:58:16] [ DEBUG] [ClientServiceImpl:87] Listing clients...
[2023-01-1318:59:21] [ DEBUG] [ClientServiceImpl:87] Listing clients...
[2023-01-1318:59:52] [ DEBUG] [ClientServiceImpl:87] Listing clients...
[2023-01-1318:59:53] [ DEBUG] [ClientServiceImpl:87] Listing clients...
[2023-01-1318:59:55] [ DEBUG] [ClientServiceImpl:87] Listing clients...
[2023-01-1319:00:04] [ DEBUG] [ClientServiceImpl:87] Listing clients...
[2023-01-1319:00:06] [ DEBUG] [ClientServiceImpl:87] Listing clients...
[2023-01-1319:00:16] [ DEBUG] [ClientServiceImpl:87] Listing clients...
[2023-01-1319:00:22] [ DEBUG] [ClientServiceImpl:87] Listing clients...
[2023-01-1319:00:25] [ DEBUG] [ClientServiceImpl:87] Listing clients...
[2023-01-1319:00:31] [ DEBUG] [ClientServiceImpl:87] Listing clients...
[2023-01-1319:00:46] [ DEBUG] [ClientServiceImpl:87] Listing clients...
[2023-01-1319:00:49] [ DEBUG] [ClientServiceImpl:87] Listing clients...
[2023-01-1319:00:52] [ DEBUG] [ClientServiceImpl:87] Listing clients...
[2023-01-1319:01:00] [ DEBUG] [ClientServiceImpl:87] Listing clients...
[2023-01-1319:01:10] [ DEBUG] [ClientServiceImpl:87] Listing clients...
[2023-01-1319:01:16] [ DEBUG] [ClientServiceImpl:87] Listing clients...
[2023-01-1319:01:24] [ DEBUG] [ClientServiceImpl:87] Listing clients...
[2023-01-1319:01:34] [ DEBUG] [ClientServiceImpl:87] Listing clients...
[2023-01-1319:02:12] [ DEBUG] [ClientServiceImpl:87] Listing clients...
[2023-01-1319:02:23] [ DEBUG] [ClientServiceImpl:87] Listing clients...
[2023-01-1319:03:13] [ DEBUG] [ClientServiceImpl:87] Listing clients...
[2023-01-1319:03:25] [ DEBUG] [ClientServiceImpl:87] Listing clients...
[2023-01-1319:03:33] [ DEBUG] [ClientServiceImpl:87] Listing clients...
[2023-01-1319:03:45] [ DEBUG] [ClientServiceImpl:87] Listing clients...
[2023-01-1319:03:48] [ DEBUG] [ClientServiceImpl:87] Listing clients...
[2023-01-1319:04:30] [ DEBUG] [ClientServiceImpl:87] Listing clients...
[2023-01-1319:04:37] [ DEBUG] [ClientServiceImpl:87] Listing clients...
[2023-01-1319:04:44] [ DEBUG] [ClientServiceImpl:87] Listing clients...
[2023-01-1319:04:47] [ DEBUG] [ClientServiceImpl:87] Listing clients...
[2023-01-1319:04:56] [ DEBUG] [ClientServiceImpl:87] Listing clients...
[2023-01-1319:05:02] [ DEBUG] [ClientServiceImpl:87] Listing clients...
[2023-01-1319:05:04] [ DEBUG] [ClientServiceImpl:87] Listing clients...
[2023-01-1319:05:09] [ DEBUG] [ClientServiceImpl:87] Listing clients...
[2023-01-1319:05:13] [ DEBUG] [ClientServiceImpl:87] Listing clients...
[2023-01-1319:05:24] [ DEBUG] [ClientServiceImpl:87] Listing clients...
[2023-01-1319:05:25] [ DEBUG] [ClientServiceImpl:87] Listing clients...
[2023-01-1319:05:30] [ DEBUG] [ClientServiceImpl:87] Listing clients...
[2023-01-1319:05:32] [ DEBUG] [ClientServiceImpl:87] Listing clients...
[2023-01-1319:05:33] [ DEBUG] [ClientServiceImpl:87] Listing clients...
[2023-01-1319:05:35] [ DEBUG] [ClientServiceImpl:87] Listing clients...
[2023-01-1319:05:37] [ DEBUG] [ClientServiceImpl:87] Listing clients...
[2023-01-1319:05:38] [ DEBUG] [ClientServiceImpl:87] Listing clients...
[2023-01-1319:05:40] [ DEBUG] [ClientServiceImpl:87] Listing clients...
[2023-01-1319:05:43] [ DEBUG] [ClientServiceImpl:87] Listing clients...
[2023-01-1319:05:44] [ DEBUG] [ClientServiceImpl:87] Listing clients...
[2023-01-1319:05:46] [ DEBUG] [ClientServiceImpl:87] Listing clients...
[2023-01-1319:05:49] [ DEBUG] [ClientServiceImpl:87] Listing clients...
[2023-01-1319:05:54] [ DEBUG] [ClientServiceImpl:87] Listing clients...
[2023-01-1319:06:05] [ DEBUG] [ClientServiceImpl:87] Listing clients...
[2023-01-1319:06:07] [ DEBUG] [ClientServiceImpl:87] Listing clients...
[2023-01-1319:06:10] [ DEBUG] [ClientServiceImpl:87] Listing clients...
[2023-01-1319:06:52] [ DEBUG] [ClientServiceImpl:87] Listing clients...
[2023-01-1319:07:17] [ DEBUG] [ClientServiceImpl:87] Listing clients...
[2023-01-1319:07:23] [ DEBUG] [ClientServiceImpl:87] Listing clients...
[2023-01-1319:08:17] [ DEBUG] [ClientServiceImpl:87] Listing clients...
[2023-01-1319:08:22] [ DEBUG] [ClientServiceImpl:87] Listing clients...
[2023-01-1319:08:24] [ DEBUG] [ClientServiceImpl:87] Listing clients...
[2023-01-1319:08:27] [ DEBUG] [ClientServiceImpl:87] Listing clients...
[2023-01-1319:08:48] [ DEBUG] [ClientServiceImpl:87] Listing clients...
[2023-01-1319:08:50] [ DEBUG] [ClientServiceImpl:87] Listing clients...
[2023-01-1319:09:00] [ DEBUG] [ClientServiceImpl:87] Listing clients...
[2023-01-1319:09:01] [ DEBUG] [ClientServiceImpl:87] Listing clients...
[2023-01-1319:09:05] [ DEBUG] [ClientServiceImpl:87] Listing clients...
[2023-01-1319:09:11] [ DEBUG] [ClientServiceImpl:87] Listing clients...
[2023-01-1319:09:19] [ DEBUG] [ClientServiceImpl:87] Listing clients...
[2023-01-1319:09:21] [ DEBUG] [ClientServiceImpl:87] Listing clients...
[2023-01-1319:09:23] [ DEBUG] [ClientServiceImpl:87] Listing clients...
[2023-01-1319:09:31] [ DEBUG] [ClientServiceImpl:87] Listing clients...
[2023-01-1319:09:35] [ DEBUG] [ClientServiceImpl:87] Listing clients...
[2023-01-1319:09:37] [ DEBUG] [ClientServiceImpl:87] Listing clients...
[2023-01-1319:09:48] [ DEBUG] [ClientServiceImpl:87] Listing clients...
[2023-01-1319:09:49] [ DEBUG] [ClientServiceImpl:87] Listing clients...
[2023-01-1319:09:52] [ DEBUG] [ClientServiceImpl:87] Listing clients...
[2023-01-1319:09:59] [ DEBUG] [ClientServiceImpl:87] Listing clients...
[2023-01-1319:10:12] [ DEBUG] [ClientServiceImpl:87] Listing clients...
[2023-01-1319:10:22] [ DEBUG] [ClientServiceImpl:87] Listing clients...
[2023-01-1319:10:27] [ DEBUG] [ClientServiceImpl:87] Listing clients...
[2023-01-1319:10:33] [ DEBUG] [ClientServiceImpl:87] Listing clients...
[2023-01-1319:10:35] [ DEBUG] [ClientServiceImpl:87] Listing clients...
[2023-01-1319:10:44] [ DEBUG] [ClientServiceImpl:87] Listing clients...
[2023-01-1319:10:46] [ DEBUG] [ClientServiceImpl:87] Listing clients...
[2023-01-1319:10:47] [ DEBUG] [ClientServiceImpl:87] Listing clients...
[2023-01-1319:10:54] [ DEBUG] [ClientServiceImpl:87] Listing clients...
[2023-01-1319:11:05] [ DEBUG] [ClientServiceImpl:87] Listing clients...
[2023-01-1319:11:20] [ DEBUG] [AdminServiceImpl:48] Searching admin by id: 2
[2023-01-1319:11:29] [ DEBUG] [ClientServiceImpl:87] Listing clients...
[2023-01-1319:11:36] [ DEBUG] [ClientServiceImpl:87] Listing clients...
[2023-01-1319:11:49] [ DEBUG] [ClientServiceImpl:87] Listing clients...
[2023-01-1319:12:12] [ DEBUG] [ClientServiceImpl:87] Listing clients...
[2023-01-1319:14:24] [ DEBUG] [ClientServiceImpl:87] Listing clients...
[2023-01-1319:14:32] [ DEBUG] [ClientServiceImpl:87] Listing clients...
[2023-01-1319:14:39] [ DEBUG] [ClientServiceImpl:87] Listing clients...
[2023-01-1319:14:42] [ DEBUG] [ClientServiceImpl:87] Listing clients...
[2023-01-1319:14:43] [ DEBUG] [ClientServiceImpl:87] Listing clients...
[2023-01-1319:14:49] [ DEBUG] [ClientServiceImpl:87] Listing clients...
[2023-01-1319:54:42] [ DEBUG] [ClientServiceImpl:87] Listing clients...
[2023-01-1319:55:35] [ DEBUG] [ClientServiceImpl:87] Listing clients...
[2023-01-1319:56:44] [ DEBUG] [ClientServiceImpl:87] Listing clients...
[2023-01-1319:57:13] [ DEBUG] [ClientServiceImpl:87] Listing clients...
[2023-01-1319:57:20] [ DEBUG] [ClientServiceImpl:87] Listing clients...
[2023-01-1319:57:25] [ DEBUG] [ClientServiceImpl:87] Listing clients...
[2023-01-1319:57:29] [ DEBUG] [ClientServiceImpl:87] Listing clients...
[2023-01-1319:57:32] [ DEBUG] [ClientServiceImpl:87] Listing clients...
[2023-01-1319:57:33] [ DEBUG] [ClientServiceImpl:87] Listing clients...
[2023-01-1319:57:54] [ DEBUG] [ClientServiceImpl:87] Listing clients...
[2023-01-1319:58:58] [ DEBUG] [ClientServiceImpl:87] Listing clients...
[2023-01-1319:59:02] [ DEBUG] [ClientServiceImpl:87] Listing clients...
[2023-01-1319:59:05] [ DEBUG] [AdminServiceImpl:48] Searching admin by id: 2
[2023-01-1319:59:58] [ DEBUG] [AdminServiceImpl:48] Searching admin by id: 2
[2023-01-1320:00:11] [ DEBUG] [AdminServiceImpl:48] Searching admin by id: 2
[2023-01-1320:00:20] [ DEBUG] [AdminServiceImpl:48] Searching admin by id: 2
[2023-01-1320:00:28] [ DEBUG] [AdminServiceImpl:48] Searching admin by id: 2
[2023-01-1320:00:47] [ DEBUG] [AdminServiceImpl:48] Searching admin by id: 2
[2023-01-1320:00:58] [ DEBUG] [AdminServiceImpl:48] Searching admin by id: 2
[2023-01-1320:01:00] [ DEBUG] [AdminServiceImpl:48] Searching admin by id: 2
[2023-01-1320:01:24] [ DEBUG] [AdminServiceImpl:48] Searching admin by id: 2
[2023-01-1320:01:32] [ DEBUG] [AdminServiceImpl:48] Searching admin by id: 2
[2023-01-1320:01:56] [ DEBUG] [AdminServiceImpl:48] Searching admin by id: 2
[2023-01-1320:02:02] [ DEBUG] [AdminServiceImpl:48] Searching admin by id: 2
[2023-01-1320:02:10] [ DEBUG] [AdminServiceImpl:48] Searching admin by id: 2
[2023-01-1320:02:26] [ DEBUG] [AdminServiceImpl:48] Searching admin by id: 2
[2023-01-1320:02:31] [ DEBUG] [AdminServiceImpl:48] Searching admin by id: 2
[2023-01-1320:02:33] [ DEBUG] [AdminServiceImpl:48] Searching admin by id: 2
[2023-01-1320:02:37] [ DEBUG] [AdminServiceImpl:48] Searching admin by id: 2
[2023-01-1320:02:42] [ DEBUG] [AdminServiceImpl:48] Searching admin by id: 2
[2023-01-1320:02:47] [ DEBUG] [AdminServiceImpl:48] Searching admin by id: 2
[2023-01-1320:02:48] [ DEBUG] [AdminServiceImpl:48] Searching admin by id: 2
[2023-01-1320:14:21] [ DEBUG] [AdminServiceImpl:48] Searching admin by id: 2
[2023-01-1320:14:24] [ DEBUG] [AdminServiceImpl:48] Searching admin by id: 2
[2023-01-1320:14:52] [ DEBUG] [AdminServiceImpl:48] Searching admin by id: 2
[2023-01-1320:16:05] [ DEBUG] [AdminServiceImpl:48] Searching admin by id: 2
[2023-01-1320:16:26] [ DEBUG] [AdminServiceImpl:48] Searching admin by id: 2
[2023-01-1320:16:33] [ DEBUG] [AdminServiceImpl:48] Searching admin by id: 2
[2023-01-1320:16:34] [ DEBUG] [AdminServiceImpl:48] Searching admin by id: 2
[2023-01-1320:16:45] [ DEBUG] [AdminServiceImpl:48] Searching admin by id: 2
[2023-01-1320:16:50] [ DEBUG] [AdminServiceImpl:48] Searching admin by id: 2
[2023-01-1320:17:14] [ DEBUG] [AdminServiceImpl:48] Searching admin by id: 2
[2023-01-1320:17:17] [ DEBUG] [AdminServiceImpl:48] Searching admin by id: 2
[2023-01-1320:20:49] [ DEBUG] [AdminServiceImpl:38] Creating admin...
[2023-01-1320:20:49] [ DEBUG] [AdminServiceImpl:48] Searching admin by id: 1
[2023-01-1320:20:52] [ DEBUG] [AdminServiceImpl:48] Searching admin by id: 1
[2023-01-1320:21:24] [ DEBUG] [ClientServiceImpl:36] Creating client...
[2023-01-1320:21:25] [ DEBUG] [ClientServiceImpl:87] Listing clients...
[2023-01-1320:21:30] [ DEBUG] [AdminServiceImpl:48] Searching admin by id: 1
[2023-01-1320:21:30] [ DEBUG] [ClientServiceImpl:45] Searching client by id: 1
[2023-01-1320:21:51] [ DEBUG] [ClientServiceImpl:45] Searching client by id: 1
[2023-01-1320:21:51] [ DEBUG] [AdminServiceImpl:48] Searching admin by id: 1
[2023-01-1320:22:55] [ DEBUG] [ClientServiceImpl:45] Searching client by id: 1
[2023-01-1320:22:55] [ DEBUG] [AdminServiceImpl:48] Searching admin by id: 1
[2023-01-1320:29:20] [ DEBUG] [ClientServiceImpl:45] Searching client by id: 1
[2023-01-1320:29:20] [ DEBUG] [AdminServiceImpl:48] Searching admin by id: 1
[2023-01-1320:29:51] [ DEBUG] [ClientServiceImpl:45] Searching client by id: 1
[2023-01-1320:29:51] [ DEBUG] [AdminServiceImpl:48] Searching admin by id: 1
[2023-01-1320:30:22] [ DEBUG] [ClientServiceImpl:45] Searching client by id: 1
[2023-01-1320:30:22] [ DEBUG] [AdminServiceImpl:48] Searching admin by id: 1
[2023-01-1320:30:24] [ DEBUG] [ClientServiceImpl:45] Searching client by id: 1
[2023-01-1320:30:26] [ DEBUG] [ClientServiceImpl:45] Searching client by id: 1
[2023-01-1320:30:37] [ DEBUG] [ClientServiceImpl:45] Searching client by id: 1
[2023-01-1320:30:51] [ DEBUG] [ClientServiceImpl:45] Searching client by id: 1
[2023-01-1320:30:52] [ DEBUG] [ClientServiceImpl:45] Searching client by id: 1
[2023-01-1320:36:08] [ DEBUG] [ClientServiceImpl:45] Searching client by id: 1
[2023-01-1320:36:39] [ DEBUG] [ClientServiceImpl:36] Creating client...
[2023-01-1320:37:15] [ DEBUG] [ClientServiceImpl:45] Searching client by id: 1
[2023-01-1320:37:25] [ DEBUG] [ClientServiceImpl:36] Creating client...
[2023-01-1320:38:39] [ DEBUG] [ClientServiceImpl:45] Searching client by id: 1
[2023-01-1320:38:45] [ DEBUG] [ClientServiceImpl:45] Searching client by id: 1
[2023-01-1320:38:47] [ DEBUG] [ClientServiceImpl:45] Searching client by id: 1
[2023-01-1320:38:51] [ DEBUG] [ClientServiceImpl:45] Searching client by id: 1
[2023-01-1320:38:54] [ DEBUG] [ClientServiceImpl:36] Creating client...
[2023-01-1320:39:19] [ DEBUG] [ClientServiceImpl:45] Searching client by id: 1
[2023-01-1320:39:33] [ DEBUG] [ClientServiceImpl:45] Searching client by id: 1
[2023-01-1320:39:39] [ DEBUG] [ClientServiceImpl:45] Searching client by id: 1
[2023-01-1320:41:23] [ DEBUG] [AdminServiceImpl:38] Creating admin...
[2023-01-1320:41:23] [ DEBUG] [AdminServiceImpl:48] Searching admin by id: 1
[2023-01-1320:41:27] [ DEBUG] [AdminServiceImpl:48] Searching admin by id: 1
[2023-01-1320:41:49] [ DEBUG] [ClientServiceImpl:36] Creating client...
[2023-01-1320:41:49] [ DEBUG] [ClientServiceImpl:87] Listing clients...
[2023-01-1320:41:59] [ DEBUG] [ClientServiceImpl:45] Searching client by id: 1
[2023-01-1320:42:04] [ DEBUG] [ClientServiceImpl:59] Modifying client
[2023-01-1320:47:44] [ DEBUG] [ClientServiceImpl:45] Searching client by id: 1
[2023-01-1320:47:44] [ ERROR] [GlobalExceptionHandler:17] Client not found by id: 1
[2023-01-1320:48:12] [ DEBUG] [AdminServiceImpl:38] Creating admin...
[2023-01-1320:48:12] [ DEBUG] [AdminServiceImpl:48] Searching admin by id: 1
[2023-01-1320:48:17] [ DEBUG] [AdminServiceImpl:48] Searching admin by id: 1
[2023-01-1320:48:34] [ DEBUG] [ClientServiceImpl:36] Creating client...
[2023-01-1320:48:34] [ DEBUG] [ClientServiceImpl:87] Listing clients...
[2023-01-1320:48:38] [ DEBUG] [ClientServiceImpl:45] Searching client by id: 1
[2023-01-1320:48:43] [ DEBUG] [ClientServiceImpl:59] Modifying client
[2023-01-1320:50:44] [ DEBUG] [AdminServiceImpl:38] Creating admin...
[2023-01-1320:50:44] [ DEBUG] [AdminServiceImpl:48] Searching admin by id: 1
[2023-01-1320:50:46] [ DEBUG] [AdminServiceImpl:48] Searching admin by id: 1
[2023-01-1320:51:04] [ DEBUG] [ClientServiceImpl:36] Creating client...
[2023-01-1320:51:27] [ ERROR] [GlobalExceptionHandler:30] There are not clients to list
[2023-01-1320:51:31] [ ERROR] [GlobalExceptionHandler:30] There are not clients to list
[2023-01-1320:51:35] [ DEBUG] [AdminServiceImpl:48] Searching admin by id: 1
[2023-01-1320:51:55] [ DEBUG] [ClientServiceImpl:36] Creating client...
[2023-01-1320:53:07] [ DEBUG] [AdminServiceImpl:38] Creating admin...
[2023-01-1320:53:07] [ DEBUG] [AdminServiceImpl:48] Searching admin by id: 1
[2023-01-1320:53:09] [ DEBUG] [AdminServiceImpl:48] Searching admin by id: 1
[2023-01-1320:53:26] [ DEBUG] [ClientServiceImpl:36] Creating client...
[2023-01-1320:56:59] [ DEBUG] [AdminServiceImpl:38] Creating admin...
[2023-01-1320:56:59] [ DEBUG] [AdminServiceImpl:48] Searching admin by id: 1
[2023-01-1320:57:00] [ DEBUG] [AdminServiceImpl:48] Searching admin by id: 1
[2023-01-1320:57:16] [ DEBUG] [ClientServiceImpl:36] Creating client...
[2023-01-1320:57:16] [ DEBUG] [ClientServiceImpl:87] Listing clients...
[2023-01-1320:57:21] [ DEBUG] [ClientServiceImpl:45] Searching client by id: 1
[2023-01-1320:57:25] [ DEBUG] [ClientServiceImpl:59] Modifying client
[2023-01-1320:58:19] [ DEBUG] [ClientServiceImpl:45] Searching client by id: 1
[2023-01-1320:58:25] [ DEBUG] [ClientServiceImpl:59] Modifying client
[2023-01-1320:58:27] [ DEBUG] [ClientServiceImpl:45] Searching client by id: 1
[2023-01-1320:58:34] [ DEBUG] [ClientServiceImpl:59] Modifying client
[2023-01-1320:58:36] [ DEBUG] [ClientServiceImpl:45] Searching client by id: 1
[2023-01-1320:59:49] [ DEBUG] [AdminServiceImpl:48] Searching admin by id: 1
[2023-01-1320:59:52] [ DEBUG] [AdminServiceImpl:48] Searching admin by id: 1
[2023-01-1320:59:58] [ DEBUG] [ClientServiceImpl:87] Listing clients...
[2023-01-1321:00:04] [ DEBUG] [ClientServiceImpl:45] Searching client by id: 1
[2023-01-1321:00:08] [ DEBUG] [ClientServiceImpl:59] Modifying client
[2023-01-1321:00:50] [ DEBUG] [ClientServiceImpl:45] Searching client by id: 1
[2023-01-1321:00:56] [ DEBUG] [ClientServiceImpl:45] Searching client by id: 1
[2023-01-1321:01:00] [ DEBUG] [ClientServiceImpl:45] Searching client by id: 1
[2023-01-1321:01:02] [ DEBUG] [ClientServiceImpl:45] Searching client by id: 1
[2023-01-1321:01:20] [ DEBUG] [ClientServiceImpl:45] Searching client by id: 1
[2023-01-1321:01:20] [ DEBUG] [ClientServiceImpl:87] Listing clients...
[2023-01-1321:01:21] [ DEBUG] [ClientServiceImpl:87] Listing clients...
[2023-01-1321:01:28] [ DEBUG] [ClientServiceImpl:45] Searching client by id: 1
[2023-01-1321:01:28] [ DEBUG] [ClientServiceImpl:87] Listing clients...
[2023-01-1321:01:30] [ DEBUG] [ClientServiceImpl:45] Searching client by id: 1
[2023-01-1321:01:30] [ DEBUG] [ClientServiceImpl:87] Listing clients...
[2023-01-1321:01:45] [ DEBUG] [ClientServiceImpl:87] Listing clients...
[2023-01-1321:01:51] [ DEBUG] [ClientServiceImpl:87] Listing clients...
[2023-01-1321:02:06] [ DEBUG] [ClientServiceImpl:87] Listing clients...
[2023-01-1321:02:09] [ DEBUG] [ClientServiceImpl:87] Listing clients...
[2023-01-1321:02:11] [ DEBUG] [ClientServiceImpl:45] Searching client by id: 1
[2023-01-1321:02:15] [ DEBUG] [ClientServiceImpl:59] Modifying client
[2023-01-1321:02:15] [ DEBUG] [ClientServiceImpl:87] Listing clients...
[2023-01-1321:02:17] [ DEBUG] [ClientServiceImpl:45] Searching client by id: 1
[2023-01-1321:02:19] [ DEBUG] [ClientServiceImpl:59] Modifying client
[2023-01-1321:02:19] [ DEBUG] [ClientServiceImpl:87] Listing clients...
[2023-01-1321:02:30] [ DEBUG] [ClientServiceImpl:45] Searching client by id: 1
[2023-01-1321:02:31] [ DEBUG] [ClientServiceImpl:59] Modifying client
[2023-01-1321:02:31] [ DEBUG] [ClientServiceImpl:87] Listing clients...
[2023-01-1321:02:34] [ DEBUG] [ClientServiceImpl:45] Searching client by id: 1
[2023-01-1321:02:37] [ DEBUG] [ClientServiceImpl:59] Modifying client
[2023-01-1321:02:37] [ DEBUG] [ClientServiceImpl:87] Listing clients...
[2023-01-1321:02:39] [ DEBUG] [ClientServiceImpl:45] Searching client by id: 1
[2023-01-1321:02:42] [ DEBUG] [ClientServiceImpl:59] Modifying client
[2023-01-1321:02:42] [ DEBUG] [ClientServiceImpl:87] Listing clients...
[2023-01-1321:02:44] [ DEBUG] [ClientServiceImpl:45] Searching client by id: 1
[2023-01-1321:02:47] [ DEBUG] [ClientServiceImpl:59] Modifying client
[2023-01-1321:02:47] [ DEBUG] [ClientServiceImpl:87] Listing clients...
[2023-01-1321:02:50] [ DEBUG] [ClientServiceImpl:45] Searching client by id: 1
[2023-01-1321:02:57] [ DEBUG] [ClientServiceImpl:59] Modifying client
[2023-01-1321:02:57] [ DEBUG] [ClientServiceImpl:87] Listing clients...
[2023-01-1321:02:59] [ DEBUG] [ClientServiceImpl:45] Searching client by id: 1
[2023-01-1321:03:03] [ DEBUG] [ClientServiceImpl:59] Modifying client
[2023-01-1321:03:03] [ DEBUG] [ClientServiceImpl:87] Listing clients...
[2023-01-1321:04:02] [ DEBUG] [ClientServiceImpl:87] Listing clients...
[2023-01-1321:04:03] [ DEBUG] [ClientServiceImpl:87] Listing clients...
[2023-01-1321:04:07] [ DEBUG] [ClientServiceImpl:87] Listing clients...
[2023-01-1321:04:08] [ DEBUG] [ClientServiceImpl:87] Listing clients...
[2023-01-1321:04:10] [ DEBUG] [ClientServiceImpl:87] Listing clients...
[2023-01-1321:04:12] [ DEBUG] [ClientServiceImpl:87] Listing clients...
[2023-01-1321:04:17] [ DEBUG] [ClientServiceImpl:87] Listing clients...
[2023-01-1321:04:19] [ DEBUG] [ClientServiceImpl:87] Listing clients...
[2023-01-1321:04:23] [ DEBUG] [ClientServiceImpl:87] Listing clients...
[2023-01-1321:04:24] [ DEBUG] [ClientServiceImpl:87] Listing clients...
[2023-01-1321:04:35] [ DEBUG] [ClientServiceImpl:87] Listing clients...
[2023-01-1321:04:36] [ DEBUG] [ClientServiceImpl:87] Listing clients...
[2023-01-1321:05:49] [ DEBUG] [ClientServiceImpl:87] Listing clients...
[2023-01-1321:06:26] [ DEBUG] [ClientServiceImpl:87] Listing clients...
[2023-01-1321:07:02] [ DEBUG] [ClientServiceImpl:87] Listing clients...
[2023-01-1321:07:08] [ DEBUG] [ClientServiceImpl:87] Listing clients...
[2023-01-1321:07:21] [ DEBUG] [ClientServiceImpl:87] Listing clients...
[2023-01-1321:08:25] [ DEBUG] [ClientServiceImpl:87] Listing clients...
[2023-01-1321:08:28] [ DEBUG] [ClientServiceImpl:87] Listing clients...
[2023-01-1321:08:30] [ DEBUG] [ClientServiceImpl:87] Listing clients...
[2023-01-1321:09:08] [ DEBUG] [ClientServiceImpl:87] Listing clients...
[2023-01-1321:09:10] [ DEBUG] [ClientServiceImpl:87] Listing clients...
[2023-01-1321:10:01] [ DEBUG] [ClientServiceImpl:87] Listing clients...
[2023-01-1321:10:11] [ DEBUG] [ClientServiceImpl:87] Listing clients...
[2023-01-1321:10:12] [ DEBUG] [ClientServiceImpl:87] Listing clients...
[2023-01-1321:10:16] [ DEBUG] [ClientServiceImpl:87] Listing clients...
[2023-01-1321:10:30] [ DEBUG] [ClientServiceImpl:87] Listing clients...
[2023-01-1321:10:37] [ DEBUG] [ClientServiceImpl:87] Listing clients...
[2023-01-1321:10:42] [ DEBUG] [ClientServiceImpl:87] Listing clients...
[2023-01-1321:10:48] [ DEBUG] [ClientServiceImpl:87] Listing clients...
[2023-01-1321:10:54] [ DEBUG] [ClientServiceImpl:87] Listing clients...
[2023-01-1321:10:58] [ DEBUG] [ClientServiceImpl:87] Listing clients...
[2023-01-1321:11:27] [ DEBUG] [ClientServiceImpl:87] Listing clients...
[2023-01-1321:11:29] [ DEBUG] [ClientServiceImpl:87] Listing clients...
[2023-01-1321:11:31] [ DEBUG] [ClientServiceImpl:87] Listing clients...
[2023-01-1321:11:33] [ DEBUG] [ClientServiceImpl:87] Listing clients...
[2023-01-1321:11:50] [ DEBUG] [ClientServiceImpl:87] Listing clients...
[2023-01-1321:11:54] [ DEBUG] [ClientServiceImpl:45] Searching client by id: 1
[2023-01-1321:12:12] [ DEBUG] [ClientServiceImpl:45] Searching client by id: 1
[2023-01-1321:12:16] [ DEBUG] [ClientServiceImpl:45] Searching client by id: 1
[2023-01-1321:13:11] [ DEBUG] [ClientServiceImpl:45] Searching client by id: 1
[2023-01-1321:13:42] [ DEBUG] [ClientServiceImpl:45] Searching client by id: 1
[2023-01-1321:13:59] [ DEBUG] [ClientServiceImpl:45] Searching client by id: 1
[2023-01-1321:15:43] [ DEBUG] [ClientServiceImpl:45] Searching client by id: 1
[2023-01-1321:15:48] [ DEBUG] [ClientServiceImpl:45] Searching client by id: 1
[2023-01-1321:16:13] [ DEBUG] [ClientServiceImpl:45] Searching client by id: 1
[2023-01-1321:16:16] [ DEBUG] [ClientServiceImpl:45] Searching client by id: 1
[2023-01-1321:16:18] [ DEBUG] [ClientServiceImpl:45] Searching client by id: 1
[2023-01-1321:16:52] [ DEBUG] [ClientServiceImpl:45] Searching client by id: 1
[2023-01-1321:16:53] [ DEBUG] [ClientServiceImpl:45] Searching client by id: 1
[2023-01-1321:20:37] [ DEBUG] [ClientServiceImpl:45] Searching client by id: 1
[2023-01-1321:21:47] [ DEBUG] [ClientServiceImpl:45] Searching client by id: 1
[2023-01-1321:22:07] [ DEBUG] [ClientServiceImpl:45] Searching client by id: 1
[2023-01-1321:22:14] [ DEBUG] [ClientServiceImpl:45] Searching client by id: 1
[2023-01-1321:22:24] [ DEBUG] [ClientServiceImpl:45] Searching client by id: 1
[2023-01-1321:22:57] [ DEBUG] [ClientServiceImpl:45] Searching client by id: 1
[2023-01-1321:23:46] [ DEBUG] [ClientServiceImpl:45] Searching client by id: 1
[2023-01-1321:32:32] [ DEBUG] [ClientServiceImpl:45] Searching client by id: 1
[2023-01-1321:32:44] [ DEBUG] [ClientServiceImpl:45] Searching client by id: 1
[2023-01-1321:32:47] [ DEBUG] [ClientServiceImpl:45] Searching client by id: 1
[2023-01-1321:34:41] [ DEBUG] [AdminServiceImpl:48] Searching admin by id: 1
[2023-01-1321:34:53] [ DEBUG] [AdminServiceImpl:48] Searching admin by id: 1
[2023-01-1321:35:33] [ DEBUG] [AdminServiceImpl:48] Searching admin by id: 1
[2023-01-1321:35:38] [ DEBUG] [AdminServiceImpl:48] Searching admin by id: 1
[2023-01-1321:35:43] [ DEBUG] [AdminServiceImpl:48] Searching admin by id: 1
[2023-01-1321:36:06] [ DEBUG] [AdminServiceImpl:48] Searching admin by id: 1
[2023-01-1322:34:03] [ DEBUG] [AdminServiceImpl:48] Searching admin by id: 1
[2023-01-1322:34:13] [ DEBUG] [ClientServiceImpl:87] Listing clients...
[2023-01-1322:34:57] [ DEBUG] [ClientServiceImpl:87] Listing clients...
[2023-01-1322:34:58] [ DEBUG] [ClientServiceImpl:45] Searching client by id: 1
[2023-01-1322:36:44] [ DEBUG] [AccountServiceImpl:44] Creating account...
[2023-01-1322:48:53] [ DEBUG] [AdminServiceImpl:38] Creating admin...
[2023-01-1322:48:54] [ DEBUG] [AdminServiceImpl:48] Searching admin by id: 1
[2023-01-1322:48:57] [ DEBUG] [AdminServiceImpl:48] Searching admin by id: 1
[2023-01-1322:50:07] [ DEBUG] [ClientServiceImpl:36] Creating client...
[2023-01-1322:50:07] [ DEBUG] [ClientServiceImpl:87] Listing clients...
[2023-01-1322:50:09] [ DEBUG] [ClientServiceImpl:45] Searching client by id: 1
[2023-01-1322:50:09] [ DEBUG] [AccountServiceImpl:95] Searching account by user Id: 1
[2023-01-1322:50:09] [ ERROR] [GlobalExceptionHandler:17] Accounts not found by id: 1
[2023-01-1322:50:45] [ DEBUG] [AccountServiceImpl:44] Creating account...
[2023-01-1322:52:49] [ ERROR] [GlobalExceptionHandler:23] Already exists an account with 
[2023-01-1322:53:00] [ DEBUG] [AccountServiceImpl:44] Creating account...
[2023-01-1322:59:20] [ DEBUG] [AccountServiceImpl:44] Creating account...
[2023-01-1322:59:20] [ DEBUG] [ClientServiceImpl:45] Searching client by id: 1
[2023-01-1322:59:20] [ DEBUG] [AccountServiceImpl:95] Searching account by user Id: 1
[2023-01-1322:59:42] [ DEBUG] [ClientServiceImpl:45] Searching client by id: 1
[2023-01-1322:59:42] [ DEBUG] [AccountServiceImpl:95] Searching account by user Id: 1
[2023-01-1322:59:48] [ DEBUG] [ClientServiceImpl:45] Searching client by id: 1
[2023-01-1322:59:48] [ DEBUG] [AccountServiceImpl:95] Searching account by user Id: 1
[2023-01-1322:59:57] [ DEBUG] [ClientServiceImpl:45] Searching client by id: 1
[2023-01-1322:59:57] [ DEBUG] [AccountServiceImpl:95] Searching account by user Id: 1
[2023-01-1323:00:09] [ DEBUG] [ClientServiceImpl:45] Searching client by id: 1
[2023-01-1323:00:09] [ DEBUG] [AccountServiceImpl:95] Searching account by user Id: 1
[2023-01-1323:00:11] [ DEBUG] [ClientServiceImpl:45] Searching client by id: 1
[2023-01-1323:00:11] [ DEBUG] [AccountServiceImpl:95] Searching account by user Id: 1
[2023-01-1323:00:26] [ DEBUG] [ClientServiceImpl:45] Searching client by id: 1
[2023-01-1323:00:26] [ DEBUG] [AccountServiceImpl:95] Searching account by user Id: 1
[2023-01-1323:00:37] [ DEBUG] [ClientServiceImpl:45] Searching client by id: 1
[2023-01-1323:00:37] [ DEBUG] [AccountServiceImpl:95] Searching account by user Id: 1
[2023-01-1323:00:41] [ DEBUG] [ClientServiceImpl:45] Searching client by id: 1
[2023-01-1323:00:41] [ DEBUG] [AccountServiceImpl:95] Searching account by user Id: 1
[2023-01-1323:01:09] [ DEBUG] [ClientServiceImpl:45] Searching client by id: 1
[2023-01-1323:01:09] [ DEBUG] [AccountServiceImpl:95] Searching account by user Id: 1
[2023-01-1323:01:10] [ DEBUG] [ClientServiceImpl:45] Searching client by id: 1
[2023-01-1323:01:10] [ DEBUG] [AccountServiceImpl:95] Searching account by user Id: 1
[2023-01-1323:01:17] [ DEBUG] [AccountServiceImpl:95] Searching account by user Id: 1
[2023-01-1323:01:17] [ DEBUG] [ClientServiceImpl:45] Searching client by id: 1
[2023-01-1323:01:23] [ DEBUG] [ClientServiceImpl:45] Searching client by id: 1
[2023-01-1323:01:23] [ DEBUG] [AccountServiceImpl:95] Searching account by user Id: 1
[2023-01-1323:01:28] [ DEBUG] [ClientServiceImpl:45] Searching client by id: 1
[2023-01-1323:01:28] [ DEBUG] [AccountServiceImpl:95] Searching account by user Id: 1
[2023-01-1323:01:34] [ DEBUG] [ClientServiceImpl:45] Searching client by id: 1
[2023-01-1323:01:34] [ DEBUG] [AccountServiceImpl:95] Searching account by user Id: 1
[2023-01-1323:01:43] [ DEBUG] [ClientServiceImpl:45] Searching client by id: 1
[2023-01-1323:01:43] [ DEBUG] [AccountServiceImpl:95] Searching account by user Id: 1
[2023-01-1323:01:50] [ DEBUG] [ClientServiceImpl:45] Searching client by id: 1
[2023-01-1323:01:50] [ DEBUG] [AccountServiceImpl:95] Searching account by user Id: 1
[2023-01-1323:01:52] [ DEBUG] [ClientServiceImpl:45] Searching client by id: 1
[2023-01-1323:01:52] [ DEBUG] [AccountServiceImpl:95] Searching account by user Id: 1
[2023-01-1323:01:56] [ DEBUG] [ClientServiceImpl:45] Searching client by id: 1
[2023-01-1323:01:56] [ DEBUG] [AccountServiceImpl:95] Searching account by user Id: 1
[2023-01-1323:01:57] [ DEBUG] [ClientServiceImpl:45] Searching client by id: 1
[2023-01-1323:01:57] [ DEBUG] [AccountServiceImpl:95] Searching account by user Id: 1
[2023-01-1323:01:58] [ DEBUG] [ClientServiceImpl:45] Searching client by id: 1
[2023-01-1323:01:58] [ DEBUG] [AccountServiceImpl:95] Searching account by user Id: 1
[2023-01-1323:02:00] [ DEBUG] [ClientServiceImpl:45] Searching client by id: 1
[2023-01-1323:02:00] [ DEBUG] [AccountServiceImpl:95] Searching account by user Id: 1
[2023-01-1323:02:04] [ DEBUG] [ClientServiceImpl:45] Searching client by id: 1
[2023-01-1323:02:04] [ DEBUG] [AccountServiceImpl:95] Searching account by user Id: 1
[2023-01-1323:02:35] [ DEBUG] [ClientServiceImpl:45] Searching client by id: 1
[2023-01-1323:02:35] [ DEBUG] [AccountServiceImpl:95] Searching account by user Id: 1
[2023-01-1323:02:36] [ DEBUG] [ClientServiceImpl:45] Searching client by id: 1
[2023-01-1323:02:36] [ DEBUG] [AccountServiceImpl:95] Searching account by user Id: 1
[2023-01-1323:02:38] [ DEBUG] [ClientServiceImpl:45] Searching client by id: 1
[2023-01-1323:02:38] [ DEBUG] [AccountServiceImpl:95] Searching account by user Id: 1
[2023-01-1323:02:43] [ DEBUG] [ClientServiceImpl:45] Searching client by id: 1
[2023-01-1323:02:43] [ DEBUG] [AccountServiceImpl:95] Searching account by user Id: 1
[2023-01-1323:02:46] [ DEBUG] [ClientServiceImpl:45] Searching client by id: 1
[2023-01-1323:02:46] [ DEBUG] [AccountServiceImpl:95] Searching account by user Id: 1
[2023-01-1323:03:16] [ DEBUG] [ClientServiceImpl:45] Searching client by id: 1
[2023-01-1323:03:16] [ DEBUG] [AccountServiceImpl:95] Searching account by user Id: 1
[2023-01-1323:03:20] [ DEBUG] [ClientServiceImpl:45] Searching client by id: 1
[2023-01-1323:03:20] [ DEBUG] [AccountServiceImpl:95] Searching account by user Id: 1
[2023-01-1323:03:23] [ DEBUG] [AccountServiceImpl:95] Searching account by user Id: 1
[2023-01-1323:03:23] [ DEBUG] [ClientServiceImpl:45] Searching client by id: 1
[2023-01-1323:03:26] [ DEBUG] [ClientServiceImpl:45] Searching client by id: 1
[2023-01-1323:03:26] [ DEBUG] [AccountServiceImpl:95] Searching account by user Id: 1
[2023-01-1323:03:27] [ DEBUG] [ClientServiceImpl:45] Searching client by id: 1
[2023-01-1323:03:27] [ DEBUG] [AccountServiceImpl:95] Searching account by user Id: 1
[2023-01-1323:03:35] [ DEBUG] [ClientServiceImpl:45] Searching client by id: 1
[2023-01-1323:03:35] [ DEBUG] [AccountServiceImpl:95] Searching account by user Id: 1
[2023-01-1323:03:39] [ DEBUG] [ClientServiceImpl:45] Searching client by id: 1
[2023-01-1323:03:39] [ DEBUG] [AccountServiceImpl:95] Searching account by user Id: 1
[2023-01-1323:03:40] [ DEBUG] [ClientServiceImpl:45] Searching client by id: 1
[2023-01-1323:03:40] [ DEBUG] [AccountServiceImpl:95] Searching account by user Id: 1
[2023-01-1323:04:03] [ DEBUG] [ClientServiceImpl:45] Searching client by id: 1
[2023-01-1323:04:03] [ DEBUG] [AccountServiceImpl:95] Searching account by user Id: 1
[2023-01-1323:04:08] [ DEBUG] [ClientServiceImpl:45] Searching client by id: 1
[2023-01-1323:04:08] [ DEBUG] [AccountServiceImpl:95] Searching account by user Id: 1
[2023-01-1323:04:12] [ DEBUG] [ClientServiceImpl:45] Searching client by id: 1
[2023-01-1323:04:12] [ DEBUG] [AccountServiceImpl:95] Searching account by user Id: 1
[2023-01-1323:04:37] [ DEBUG] [ClientServiceImpl:45] Searching client by id: 1
[2023-01-1323:04:37] [ DEBUG] [AccountServiceImpl:95] Searching account by user Id: 1
[2023-01-1323:05:00] [ DEBUG] [ClientServiceImpl:45] Searching client by id: 1
[2023-01-1323:05:00] [ DEBUG] [AccountServiceImpl:95] Searching account by user Id: 1
[2023-01-1323:05:04] [ DEBUG] [ClientServiceImpl:45] Searching client by id: 1
[2023-01-1323:05:04] [ DEBUG] [AccountServiceImpl:95] Searching account by user Id: 1
[2023-01-1323:05:17] [ DEBUG] [ClientServiceImpl:45] Searching client by id: 1
[2023-01-1323:05:17] [ DEBUG] [AccountServiceImpl:95] Searching account by user Id: 1
[2023-01-1323:05:18] [ DEBUG] [ClientServiceImpl:45] Searching client by id: 1
[2023-01-1323:05:18] [ DEBUG] [AccountServiceImpl:95] Searching account by user Id: 1
[2023-01-1323:05:19] [ DEBUG] [ClientServiceImpl:45] Searching client by id: 1
[2023-01-1323:05:19] [ DEBUG] [AccountServiceImpl:95] Searching account by user Id: 1
[2023-01-1323:05:21] [ DEBUG] [ClientServiceImpl:45] Searching client by id: 1
[2023-01-1323:05:21] [ DEBUG] [AccountServiceImpl:95] Searching account by user Id: 1
[2023-01-1323:05:25] [ DEBUG] [ClientServiceImpl:45] Searching client by id: 1
[2023-01-1323:05:25] [ DEBUG] [AccountServiceImpl:95] Searching account by user Id: 1
[2023-01-1323:05:28] [ DEBUG] [ClientServiceImpl:45] Searching client by id: 1
[2023-01-1323:05:28] [ DEBUG] [AccountServiceImpl:95] Searching account by user Id: 1
[2023-01-1323:08:44] [ DEBUG] [ClientServiceImpl:45] Searching client by id: 1
[2023-01-1323:08:44] [ DEBUG] [AccountServiceImpl:95] Searching account by user Id: 1
[2023-01-1323:08:46] [ DEBUG] [ClientServiceImpl:45] Searching client by id: 1
[2023-01-1323:08:46] [ DEBUG] [AccountServiceImpl:95] Searching account by user Id: 1
[2023-01-1323:08:50] [ DEBUG] [ClientServiceImpl:45] Searching client by id: 1
[2023-01-1323:08:50] [ DEBUG] [AccountServiceImpl:95] Searching account by user Id: 1
[2023-01-1323:09:45] [ DEBUG] [ClientServiceImpl:45] Searching client by id: 1
[2023-01-1323:09:45] [ DEBUG] [AccountServiceImpl:95] Searching account by user Id: 1
[2023-01-1323:31:09] [ DEBUG] [AdminServiceImpl:38] Creating admin...
[2023-01-1323:31:09] [ DEBUG] [AdminServiceImpl:48] Searching admin by id: 2
[2023-01-1323:31:26] [ DEBUG] [AdminServiceImpl:48] Searching admin by id: 2
[2023-01-1323:36:44] [ DEBUG] [AdminServiceImpl:38] Creating admin...
[2023-01-1323:36:44] [ DEBUG] [AdminServiceImpl:48] Searching admin by id: 1
[2023-01-1323:36:46] [ DEBUG] [AdminServiceImpl:48] Searching admin by id: 1
[2023-01-1323:37:10] [ DEBUG] [ClientServiceImpl:36] Creating client...
[2023-01-1323:37:10] [ DEBUG] [ClientServiceImpl:87] Listing clients...
[2023-01-1323:37:14] [ DEBUG] [ClientServiceImpl:45] Searching client by id: 1
[2023-01-1323:37:14] [ DEBUG] [AccountServiceImpl:95] Searching account by user Id: 1
[2023-01-1323:37:14] [ ERROR] [GlobalExceptionHandler:17] Accounts not found by id: 1
[2023-01-1323:37:18] [ DEBUG] [ClientServiceImpl:59] Modifying client
[2023-01-1323:37:18] [ DEBUG] [ClientServiceImpl:87] Listing clients...
[2023-01-1323:37:21] [ DEBUG] [ClientServiceImpl:45] Searching client by id: 1
[2023-01-1323:37:21] [ DEBUG] [AccountServiceImpl:95] Searching account by user Id: 1
[2023-01-1323:37:21] [ ERROR] [GlobalExceptionHandler:17] Accounts not found by id: 1
[2023-01-1323:37:27] [ DEBUG] [ClientServiceImpl:59] Modifying client
[2023-01-1323:37:27] [ DEBUG] [ClientServiceImpl:87] Listing clients...
[2023-01-1323:37:29] [ DEBUG] [ClientServiceImpl:45] Searching client by id: 1
[2023-01-1323:37:29] [ DEBUG] [AccountServiceImpl:95] Searching account by user Id: 1
[2023-01-1323:37:29] [ ERROR] [GlobalExceptionHandler:17] Accounts not found by id: 1
[2023-01-1323:37:46] [ DEBUG] [AccountServiceImpl:44] Creating account...
[2023-01-1323:37:46] [ DEBUG] [ClientServiceImpl:45] Searching client by id: 1
[2023-01-1323:37:46] [ DEBUG] [AccountServiceImpl:95] Searching account by user Id: 1
[2023-01-1323:37:58] [ DEBUG] [AccountServiceImpl:44] Creating account...
[2023-01-1323:37:58] [ DEBUG] [ClientServiceImpl:45] Searching client by id: 1
[2023-01-1323:37:58] [ DEBUG] [AccountServiceImpl:95] Searching account by user Id: 1
[2023-01-1323:38:09] [ DEBUG] [AccountServiceImpl:44] Creating account...
[2023-01-1323:38:09] [ DEBUG] [ClientServiceImpl:45] Searching client by id: 1
[2023-01-1323:38:09] [ DEBUG] [AccountServiceImpl:95] Searching account by user Id: 1
[2023-01-1319:25:12] [ DEBUG] [AdminServiceImpl:38] Creating admin...
[2023-01-1319:25:13] [ DEBUG] [AdminServiceImpl:48] Searching admin by id: 2
[2023-01-1319:25:33] [ DEBUG] [AdminServiceImpl:48] Searching admin by id: 2
[2023-01-1319:25:55] [ DEBUG] [ClientServiceImpl:36] Creating client...
[2023-01-1319:25:55] [ DEBUG] [ClientServiceImpl:87] Listing clients...
[2023-01-1319:26:12] [ DEBUG] [ClientServiceImpl:45] Searching client by id: 1
[2023-01-1319:26:12] [ DEBUG] [AccountServiceImpl:95] Searching account by user Id: 1
[2023-01-1319:26:26] [ DEBUG] [ClientServiceImpl:59] Modifying client
[2023-01-1319:26:26] [ DEBUG] [ClientServiceImpl:87] Listing clients...
[2023-01-1319:26:36] [ DEBUG] [ClientServiceImpl:45] Searching client by id: 1
[2023-01-1319:26:36] [ DEBUG] [AccountServiceImpl:95] Searching account by user Id: 1
[2023-01-1319:26:49] [ DEBUG] [AccountServiceImpl:44] Creating account...
[2023-01-1319:26:49] [ DEBUG] [ClientServiceImpl:45] Searching client by id: 1
[2023-01-1319:26:49] [ DEBUG] [AccountServiceImpl:95] Searching account by user Id: 1
[2023-01-1319:27:04] [ DEBUG] [AccountServiceImpl:44] Creating account...
[2023-01-1319:27:04] [ DEBUG] [ClientServiceImpl:45] Searching client by id: 1
[2023-01-1319:27:04] [ DEBUG] [AccountServiceImpl:95] Searching account by user Id: 1
[2023-01-1319:30:30] [ DEBUG] [AdminServiceImpl:38] Creating admin...
[2023-01-1319:30:30] [ DEBUG] [AdminServiceImpl:48] Searching admin by id: 1
[2023-01-1319:31:04] [ DEBUG] [AdminServiceImpl:48] Searching admin by id: 1
[2023-01-1319:31:14] [ DEBUG] [AdminServiceImpl:48] Searching admin by id: 1
[2023-01-1319:32:15] [ DEBUG] [AdminServiceImpl:48] Searching admin by id: 1
[2023-01-1319:33:42] [ DEBUG] [AdminServiceImpl:38] Creating admin...
[2023-01-1319:33:43] [ DEBUG] [AdminServiceImpl:48] Searching admin by id: 1
[2023-01-1319:33:49] [ DEBUG] [AdminServiceImpl:48] Searching admin by id: 1
[2023-01-1319:34:10] [ DEBUG] [ClientServiceImpl:36] Creating client...
[2023-01-1319:34:11] [ DEBUG] [ClientServiceImpl:87] Listing clients...
[2023-01-1319:34:22] [ DEBUG] [ClientServiceImpl:45] Searching client by id: 1
[2023-01-1319:34:22] [ DEBUG] [AccountServiceImpl:95] Searching account by user Id: 1
[2023-01-1319:34:22] [ ERROR] [GlobalExceptionHandler:17] Accounts not found by id: 1
[2023-01-1319:34:28] [ DEBUG] [ClientServiceImpl:59] Modifying client
[2023-01-1319:34:28] [ DEBUG] [ClientServiceImpl:87] Listing clients...
[2023-01-1319:34:32] [ DEBUG] [ClientServiceImpl:45] Searching client by id: 1
[2023-01-1319:34:32] [ DEBUG] [AccountServiceImpl:95] Searching account by user Id: 1
[2023-01-1319:34:32] [ ERROR] [GlobalExceptionHandler:17] Accounts not found by id: 1
[2023-01-1319:34:42] [ DEBUG] [AccountServiceImpl:44] Creating account...
[2023-01-1319:34:42] [ DEBUG] [ClientServiceImpl:45] Searching client by id: 1
[2023-01-1319:34:42] [ DEBUG] [AccountServiceImpl:95] Searching account by user Id: 1
[2023-01-1319:34:56] [ DEBUG] [AccountServiceImpl:44] Creating account...
[2023-01-1319:34:56] [ DEBUG] [ClientServiceImpl:45] Searching client by id: 1
[2023-01-1319:34:56] [ DEBUG] [AccountServiceImpl:95] Searching account by user Id: 1
[2023-01-1319:35:08] [ DEBUG] [AccountServiceImpl:44] Creating account...
[2023-01-1319:35:08] [ DEBUG] [AccountServiceImpl:95] Searching account by user Id: 1
[2023-01-1319:35:08] [ DEBUG] [ClientServiceImpl:45] Searching client by id: 1
